#
# A fatal error has been detected by the Java Runtime Environment:
#
#  SIGSEGV (0xb) at pc=0x000071a38a0e2643, pid=1666146, tid=1666178
#
# JRE version: OpenJDK Runtime Environment (21.0.6+7) (build 21.0.6+7-Ubuntu-122.04.1)
# Java VM: OpenJDK 64-Bit Server VM (21.0.6+7-Ubuntu-122.04.1, mixed mode, sharing, tiered, compressed oops, compressed class ptrs, g1 gc, linux-amd64)
# Problematic frame:
# C  [libgallium-24.2.8-1~bpo12+1pop1~1744225826~22.04~b077665.so+0x6e2643]
#
# Core dump will be written. Default location: Core dumps may be processed with "/usr/share/apport/apport -p%p -s%s -c%c -d%d -P%P -u%u -g%g -- %E" (or dumping to /home/vincentgodbout/Documents/École/UQO Hiver 2025/Programmation II/devoir2/Traffix/core.1666146)
#
# If you would like to submit a bug report, please visit:
#   https://bugs.launchpad.net/ubuntu/+source/openjdk-21
# The crash happened outside the Java Virtual Machine in native code.
# See problematic frame for where to report the bug.
#

---------------  S U M M A R Y ------------

Command Line: -agentlib:jdwp=transport=dt_socket,server=n,suspend=y,address=localhost:44565 -XX:+ShowCodeDetailsInExceptionMessages org.Traffix.App

Host: Intel(R) Core(TM) i7-10750H CPU @ 2.60GHz, 12 cores, 15G, Pop!_OS 22.04 LTS
Time: Mon Apr 28 00:10:43 2025 EDT elapsed time: 23.421211 seconds (0d 0h 0m 23s)

